Arguments: 
  C:\Program Files\nodejs\node.exe C:\Users\Benoît\AppData\Roaming\npm\node_modules\yarn\bin\yarn.js install

PATH: 
  C:\Users\Benoît\bin;C:\Program Files\Git\mingw64\bin;C:\Program Files\Git\usr\local\bin;C:\Program Files\Git\usr\bin;C:\Program Files\Git\usr\bin;C:\Program Files\Git\mingw64\bin;C:\Program Files\Git\usr\bin;C:\Users\Benoît\bin;C:\Python311\Scripts;C:\Python311;C:\Windows\System32\HWAudioDriverLibs;C:\WINDOWS\system32;C:\WINDOWS;C:\WINDOWS\System32\Wbem;C:\WINDOWS\System32\WindowsPowerShell\v1.0;C:\WINDOWS\System32\OpenSSH;C:\WINDOWS\system32\config\systemprofile\AppData\Local\Microsoft\WindowsApps;C:\WINDOWS\system32;C:\WINDOWS;C:\WINDOWS\System32\Wbem;C:\WINDOWS\System32\WindowsPowerShell\v1.0;C:\WINDOWS\System32\OpenSSH;C:\HashiCorp\Vagrant\bin;C:\ProgramData\chocolatey\bin;C:\Program Files\nodejs;D:\xampp\php;C:\Program Files\Git\cmd;C:\wamp64\bin\php\php7.4.33;C:\ProgramData\ComposerSetup\bin;C:\Users\Benoît\AppData\Local\Microsoft\WindowsApps;C:\Users\Benoît\OneDrive\Bureau\php;C:\Users\Benoît\AppData\Roaming\npm;D:\xamp\php;D:\xamp\mysql\bin;C:\Users\Benoît\AppData\Roaming\Composer\vendor\bin;C:\Users\Benoît\AppData\Local\Programs\Microsoft VS Code\bin;C:\Program Files\Git\usr\bin\vendor_perl;C:\Program Files\Git\usr\bin\core_perl

Yarn version: 
  1.22.19

Node version: 
  18.13.0

Platform: 
  win32 x64

Trace: 
  Error: EPERM: operation not permitted, unlink 'C:\Users\Benoît\OneDrive\Bureau\projets\BackKillTeamApp\killTeamApp\node_modules\@napi-rs\snappy-win32-x64-msvc\snappy.win32-x64-msvc.node'

npm manifest: 
  {
    "name": "killteamapp",
    "version": "1.0.0",
    "description": "",
    "main": "index.js",
    "scripts": {
      "test": "echo \"Error: no test specified\" && exit 1"
    },
    "keywords": [],
    "author": "",
    "license": "ISC",
    "dependencies": {
      "directus": "^9.24.0",
      "sqlite3": "^5.1.6"
    }
  }

yarn manifest: 
  No manifest

Lockfile: 
  No lockfile
